#
# There is insufficient memory for the Java Runtime Environment to continue.
# Native memory allocation (malloc) failed to allocate 1048576 bytes for AllocateHeap
# Possible reasons:
#   The system is out of physical RAM or swap space
#   The process is running with CompressedOops enabled, and the Java Heap may be blocking the growth of the native heap
# Possible solutions:
#   Reduce memory load on the system
#   Increase physical memory or swap space
#   Check if swap backing store is full
#   Decrease Java heap size (-Xmx/-Xms)
#   Decrease number of Java threads
#   Decrease Java thread stack sizes (-Xss)
#   Set larger code cache with -XX:ReservedCodeCacheSize=
#   JVM is running with Zero Based Compressed Oops mode in which the Java heap is
#     placed in the first 32GB address space. The Java Heap base address is the
#     maximum limit for the native heap growth. Please use -XX:HeapBaseMinAddress
#     to set the Java Heap base and to place the Java Heap above 32GB virtual address.
# This output file may be truncated or incomplete.
#
#  Out of Memory Error (memory/allocation.inline.hpp:61), pid=17148, tid=0x0000000000004858
#
# JRE version:  (8.0_302-b08) (build )
# Java VM: OpenJDK 64-Bit Server VM (25.302-b08 mixed mode windows-amd64 compressed oops)
# Failed to write core dump. Minidumps are not enabled by default on client versions of Windows
#

---------------  T H R E A D  ---------------

Current thread (0x000002201a968800):  JavaThread "Unknown thread" [_thread_in_vm, id=18520, stack(0x0000002f6b200000,0x0000002f6b300000)]

Stack: [0x0000002f6b200000,0x0000002f6b300000]
[error occurred during error reporting (printing stack bounds), id 0xc0000005]

Native frames: (J=compiled Java code, j=interpreted, Vv=VM code, C=native code)


---------------  P R O C E S S  ---------------

Java Threads: ( => current thread )

Other Threads:

=>0x000002201a968800 (exited) JavaThread "Unknown thread" [_thread_in_vm, id=18520, stack(0x0000002f6b200000,0x0000002f6b300000)]

VM state:not at safepoint (normal execution)

VM Mutex/Monitor currently owned by a thread: None

heap address: 0x00000006c4e00000, size: 4018 MB, Compressed Oops mode: Zero based, Oop shift amount: 3
Narrow klass base: 0x0000000000000000, Narrow klass shift: 3
Compressed class space size: 1073741824 Address: 0x00000007c0000000

Heap:
 PSYoungGen      total 75264K, used 1290K [0x000000076c500000, 0x0000000771900000, 0x00000007c0000000)
  eden space 64512K, 2% used [0x000000076c500000,0x000000076c642900,0x0000000770400000)
  from space 10752K, 0% used [0x0000000770e80000,0x0000000770e80000,0x0000000771900000)
  to   space 10752K, 0% used [0x0000000770400000,0x0000000770400000,0x0000000770e80000)
 ParOldGen       total 172032K, used 0K [0x00000006c4e00000, 0x00000006cf600000, 0x000000076c500000)
  object space 172032K, 0% used [0x00000006c4e00000,0x00000006c4e00000,0x00000006cf600000)
 Metaspace       used 781K, capacity 4480K, committed 4480K, reserved 1056768K
  class space    used 76K, capacity 384K, committed 384K, reserved 1048576K

Card table byte_map: [0x000002202c610000,0x000002202cdf0000] byte_map_base: 0x0000022028fe9000

Marking Bits: (ParMarkBitMap*) 0x000000006ecac820
 Begin Bits: [0x000002202d330000, 0x00000220311f8000)
 End Bits:   [0x00000220311f8000, 0x00000220350c0000)

Polling page: 0x000002201d220000

CodeCache: size=245760Kb used=328Kb max_used=328Kb free=245431Kb
 bounds [0x000002201d250000, 0x000002201d4c0000, 0x000002202c250000]
 total_blobs=57 nmethods=0 adapters=38
 compilation: enabled

Compilation events (0 events):
No events

GC Heap History (0 events):
No events

Deoptimization events (0 events):
No events

Classes redefined (0 events):
No events

Internal exceptions (0 events):
No events

Events (10 events):
Event: 0.039 loading class java/lang/Short
Event: 0.039 loading class java/lang/Short done
Event: 0.039 loading class java/lang/Integer
Event: 0.039 loading class java/lang/Integer done
Event: 0.039 loading class java/lang/Long
Event: 0.039 loading class java/lang/Long done
Event: 0.040 loading class java/lang/NullPointerException
Event: 0.040 loading class java/lang/NullPointerException done
Event: 0.040 loading class java/lang/ArithmeticException
Event: 0.040 loading class java/lang/ArithmeticException done


Dynamic libraries:
0x00007ff728950000 - 0x00007ff72898a000 	C:\Program Files\Eclipse Foundation\jdk-8.0.302.8-hotspot\bin\java.exe
0x00007ffeb3750000 - 0x00007ffeb3948000 	C:\windows\SYSTEM32\ntdll.dll
0x00007ffeb28a0000 - 0x00007ffeb295f000 	C:\windows\System32\KERNEL32.DLL
0x00007ffeb1120000 - 0x00007ffeb13f2000 	C:\windows\System32\KERNELBASE.dll
0x00007ffeb2c30000 - 0x00007ffeb2cde000 	C:\windows\System32\ADVAPI32.dll
0x00007ffeb2000000 - 0x00007ffeb209e000 	C:\windows\System32\msvcrt.dll
0x00007ffeb1790000 - 0x00007ffeb182c000 	C:\windows\System32\sechost.dll
0x00007ffeb2ce0000 - 0x00007ffeb2e05000 	C:\windows\System32\RPCRT4.dll
0x00007ffeb2600000 - 0x00007ffeb27a1000 	C:\windows\System32\USER32.dll
0x00007ffeb10f0000 - 0x00007ffeb1112000 	C:\windows\System32\win32u.dll
0x00007ffeb2960000 - 0x00007ffeb298b000 	C:\windows\System32\GDI32.dll
0x00007ffeb1400000 - 0x00007ffeb150f000 	C:\windows\System32\gdi32full.dll
0x00007ffeb0ef0000 - 0x00007ffeb0f8d000 	C:\windows\System32\msvcp_win.dll
0x00007ffeb1640000 - 0x00007ffeb1740000 	C:\windows\System32\ucrtbase.dll
0x00007ffe918d0000 - 0x00007ffe91b6a000 	C:\windows\WinSxS\amd64_microsoft.windows.common-controls_6595b64144ccf1df_6.0.19041.1110_none_60b5254171f9507e\COMCTL32.dll
0x00007ffeb2f70000 - 0x00007ffeb2fa2000 	C:\windows\System32\IMM32.DLL
0x00007ffe9a590000 - 0x00007ffe9a6fb000 	C:\windows\system32\tmumh\20019\AddOn\8.55.0.1129\TmUmEvt64.dll
0x00007ffeb2400000 - 0x00007ffeb2408000 	C:\windows\System32\PSAPI.DLL
0x0000000074220000 - 0x0000000074393000 	C:\windows\system32\tmumh\20019\TmMon\2.9.0.1048\tmmon64.dll
0x00007ffe6b620000 - 0x00007ffe6b94e000 	C:\windows\System32\TmLWE\TmUmSnsr64\1.0.0.1109\TmUmSnsr64.dll
0x00007ffeaf630000 - 0x00007ffeaf642000 	C:\windows\SYSTEM32\kernel.appcore.dll
0x00007ffe53f10000 - 0x00007ffe53fff000 	C:\Program Files\Eclipse Foundation\jdk-8.0.302.8-hotspot\jre\bin\msvcr120.dll
0x00007ffe53dc0000 - 0x00007ffe53e66000 	C:\Program Files\Eclipse Foundation\jdk-8.0.302.8-hotspot\jre\bin\msvcp120.dll
0x000000006e4c0000 - 0x000000006ed2b000 	C:\Program Files\Eclipse Foundation\jdk-8.0.302.8-hotspot\jre\bin\server\jvm.dll
0x00007ffe76d60000 - 0x00007ffe76d69000 	C:\windows\SYSTEM32\WSOCK32.dll
0x00007ffeb2af0000 - 0x00007ffeb2b5b000 	C:\windows\System32\WS2_32.dll
0x00007ffe8dcd0000 - 0x00007ffe8dcf7000 	C:\windows\SYSTEM32\WINMM.dll
0x00007ffea4e30000 - 0x00007ffea4e3a000 	C:\windows\SYSTEM32\VERSION.dll
0x00007ffea7970000 - 0x00007ffea797f000 	C:\Program Files\Eclipse Foundation\jdk-8.0.302.8-hotspot\jre\bin\verify.dll
0x00007ffea4e40000 - 0x00007ffea4e69000 	C:\Program Files\Eclipse Foundation\jdk-8.0.302.8-hotspot\jre\bin\java.dll
0x00007ffea57d0000 - 0x00007ffea57e6000 	C:\Program Files\Eclipse Foundation\jdk-8.0.302.8-hotspot\jre\bin\zip.dll

VM Arguments:
java_command: com.xamarin.manifestmerger.Main obj\Debug\110\android\manifestmerger.rsp
java_class_path (initial): C:\Program Files (x86)\Microsoft Visual Studio\2019\Professional\MSBuild\Xamarin\Android\manifestmerger.jar
Launcher Type: SUN_STANDARD

Environment Variables:
PATH=C:\Program Files\Eclipse Foundation\jdk-8.0.302.8-hotspot\bin;C:\windows\system32;C:\windows;C:\windows\System32\Wbem;C:\windows\System32\WindowsPowerShell\v1.0\;C:\windows\System32\OpenSSH\;C:\Program Files\PuTTY\;C:\Program Files\Microsoft SQL Server\Client SDK\ODBC\170\Tools\Binn\;C:\Program Files\Microsoft SQL Server\150\Tools\Binn\;C:\Program Files\nodejs\;C:\Program Files (x86)\Microsoft SQL Server\150\Tools\Binn\;C:\Program Files\Microsoft SQL Server\150\DTS\Binn\;C:\Program Files\Git\cmd;C:\Program Files (x86)\Microsoft SQL Server\150\DTS\Binn\;C:\Program Files\Microsoft SQL Server\130\Tools\Binn\;C:\Program Files (x86)\Microsoft SQL Server\110\DTS\Binn\;C:\Program Files (x86)\Microsoft SQL Server\120\DTS\Binn\;C:\Program Files (x86)\Microsoft SQL Server\130\DTS\Binn\;C:\Program Files (x86)\Microsoft SQL Server\140\DTS\Binn\;C:\Program Files (x86)\Microsoft SQL Server\160\DTS\Binn\;C:\Program Files\Azure Data Studio\bin;C:\Program Files\dotnet\;C:\Program Files\WinMerge;C:\Users\ecervellat\AppData\Local\Microsoft\PowerAppsCLI\;C:\Users\ecervellat\AppData\Local\Microsoft\WindowsApps;C:\Users\ecervellat\AppData\Local\Programs\Microsoft VS Code\bin;C:\Users\ecervellat\AppData\Roaming\npm;C:\Program Files\Azure Data Studio\bin;C:\Users\ecervellat\.dotnet\tools
USERNAME=ecervellat
OS=Windows_NT
PROCESSOR_IDENTIFIER=Intel64 Family 6 Model 140 Stepping 1, GenuineIntel



---------------  S Y S T E M  ---------------

OS: Windows 10.0 , 64 bit Build 19041 (10.0.19041.2364)

CPU:total 8 (initial active 8) (4 cores per cpu, 2 threads per core) family 6 model 140 stepping 1, cmov, cx8, fxsr, mmx, sse, sse2, sse3, ssse3, sse4.1, sse4.2, popcnt, avx, avx2, aes, clmul, erms, 3dnowpref, lzcnt, ht, tsc, tscinvbit, bmi1, bmi2, adx

Memory: 4k page, physical 16449756k(2808716k free), swap 16449756k(5652k free)

vm_info: OpenJDK 64-Bit Server VM (25.302-b08) for windows-amd64 JRE (1.8.0_302-b08), built on Jul 20 2021 21:31:03 by "jenkins" with MS VC++ 12.0 (VS2013)

time: Thu Jan 12 11:34:06 2023
timezone: ora solare Europa occidentale
elapsed time: 0.053795 seconds (0d 0h 0m 0s)

