#
# There is insufficient memory for the Java Runtime Environment to continue.
# Native memory allocation (malloc) failed to allocate 1046256 bytes for Chunk::new
# Possible reasons:
#   The system is out of physical RAM or swap space
#   The process is running with CompressedOops enabled, and the Java Heap may be blocking the growth of the native heap
# Possible solutions:
#   Reduce memory load on the system
#   Increase physical memory or swap space
#   Check if swap backing store is full
#   Decrease Java heap size (-Xmx/-Xms)
#   Decrease number of Java threads
#   Decrease Java thread stack sizes (-Xss)
#   Set larger code cache with -XX:ReservedCodeCacheSize=
#   JVM is running with Zero Based Compressed Oops mode in which the Java heap is
#     placed in the first 32GB address space. The Java Heap base address is the
#     maximum limit for the native heap growth. Please use -XX:HeapBaseMinAddress
#     to set the Java Heap base and to place the Java Heap above 32GB virtual address.
# This output file may be truncated or incomplete.
#
#  Out of Memory Error (allocation.cpp:389), pid=7824, tid=0x00000000000020f4
#
# JRE version: OpenJDK Runtime Environment (8.0_302-b08) (build 1.8.0_302-b08)
# Java VM: OpenJDK 64-Bit Server VM (25.302-b08 mixed mode windows-amd64 compressed oops)
# Failed to write core dump. Minidumps are not enabled by default on client versions of Windows
#

---------------  T H R E A D  ---------------

Current thread (0x000001e5320ff800):  JavaThread "C2 CompilerThread0" daemon [_thread_in_native, id=8436, stack(0x00000060ca600000,0x00000060ca700000)]

Stack: [0x00000060ca600000,0x00000060ca700000]
[error occurred during error reporting (printing stack bounds), id 0xc0000005]

Native frames: (J=compiled Java code, j=interpreted, Vv=VM code, C=native code)


Current CompileTask:
C2:   3325 1190       4       com.android.apksig.internal.util.ChainedDataSource::feed (132 bytes)


---------------  P R O C E S S  ---------------

Java Threads: ( => current thread )
  0x000001e53214f000 JavaThread "Service Thread" daemon [_thread_blocked, id=1268, stack(0x00000060caa00000,0x00000060cab00000)]
  0x000001e53211a000 JavaThread "C1 CompilerThread3" daemon [_thread_blocked, id=5100, stack(0x00000060ca900000,0x00000060caa00000)]
  0x000001e5320fc800 JavaThread "C2 CompilerThread2" daemon [_thread_in_native, id=21928, stack(0x00000060ca800000,0x00000060ca900000)]
  0x000001e53040e000 JavaThread "C2 CompilerThread1" daemon [_thread_in_native, id=11532, stack(0x00000060ca700000,0x00000060ca800000)]
=>0x000001e5320ff800 JavaThread "C2 CompilerThread0" daemon [_thread_in_native, id=8436, stack(0x00000060ca600000,0x00000060ca700000)]
  0x000001e530401800 JavaThread "Attach Listener" daemon [_thread_blocked, id=7288, stack(0x00000060ca500000,0x00000060ca600000)]
  0x000001e5303fc800 JavaThread "Signal Dispatcher" daemon [_thread_blocked, id=9136, stack(0x00000060ca400000,0x00000060ca500000)]
  0x000001e5303d0000 JavaThread "Finalizer" daemon [_thread_blocked, id=18672, stack(0x00000060ca300000,0x00000060ca400000)]
  0x000001e5303c8800 JavaThread "Reference Handler" daemon [_thread_blocked, id=9516, stack(0x00000060ca200000,0x00000060ca300000)]
  0x000001e51480a000 JavaThread "main" [_thread_in_Java, id=7256, stack(0x00000060c9800000,0x00000060c9900000)]

Other Threads:
  0x000001e5303a0000 VMThread [stack: 0x00000060ca100000,0x00000060ca200000] [id=22660]
  0x000001e532151000 WatcherThread [stack: 0x00000060cab00000,0x00000060cac00000] [id=10620]

VM state:not at safepoint (normal execution)

VM Mutex/Monitor currently owned by a thread: None

heap address: 0x00000006c4e00000, size: 4018 MB, Compressed Oops mode: Zero based, Oop shift amount: 3
Narrow klass base: 0x0000000000000000, Narrow klass shift: 3
Compressed class space size: 1073741824 Address: 0x00000007c0000000

Heap:
 PSYoungGen      total 75264K, used 49196K [0x000000076c500000, 0x0000000771900000, 0x00000007c0000000)
  eden space 64512K, 71% used [0x000000076c500000,0x000000076f223db8,0x0000000770400000)
  from space 10752K, 27% used [0x0000000770400000,0x00000007706e7630,0x0000000770e80000)
  to   space 10752K, 0% used [0x0000000770e80000,0x0000000770e80000,0x0000000771900000)
 ParOldGen       total 172032K, used 24K [0x00000006c4e00000, 0x00000006cf600000, 0x000000076c500000)
  object space 172032K, 0% used [0x00000006c4e00000,0x00000006c4e06000,0x00000006cf600000)
 Metaspace       used 8157K, capacity 8440K, committed 8704K, reserved 1056768K
  class space    used 899K, capacity 988K, committed 1024K, reserved 1048576K

Card table byte_map: [0x000001e526450000,0x000001e526c30000] byte_map_base: 0x000001e522e29000

Marking Bits: (ParMarkBitMap*) 0x000000006ecac820
 Begin Bits: [0x000001e527170000, 0x000001e52b038000)
 End Bits:   [0x000001e52b038000, 0x000001e52ef00000)

Polling page: 0x000001e517060000

CodeCache: size=245760Kb used=4066Kb max_used=4081Kb free=241693Kb
 bounds [0x000001e517090000, 0x000001e5174a0000, 0x000001e526090000]
 total_blobs=1538 nmethods=1195 adapters=256
 compilation: enabled

Compilation events (10 events):
Event: 3.240 Thread 0x000001e53040e000 nmethod 1189 0x000001e517486790 code [0x000001e517486940, 0x000001e517487a30]
Event: 3.240 Thread 0x000001e53040e000 1193       4       sun.nio.ch.IOUtil::readIntoNativeBuffer (137 bytes)
Event: 3.243 Thread 0x000001e53040e000 nmethod 1193 0x000001e51747f350 code [0x000001e51747f4a0, 0x000001e51747f6a8]
Event: 3.274 Thread 0x000001e5320fc800 nmethod 1192 0x000001e51748b410 code [0x000001e51748b6e0, 0x000001e51748cbf8]
Event: 3.296 Thread 0x000001e53040e000 1194       4       java.nio.HeapByteBuffer::put (179 bytes)
Event: 3.309 Thread 0x000001e5320fc800 1195   !   4       sun.nio.ch.FileChannelImpl::size (239 bytes)
Event: 3.310 Thread 0x000001e53040e000 nmethod 1194 0x000001e517485510 code [0x000001e517485680, 0x000001e517485ef8]
Event: 3.312 Thread 0x000001e53040e000 1196       4       sun.nio.ch.FileDispatcherImpl::size (5 bytes)
Event: 3.313 Thread 0x000001e53040e000 nmethod 1196 0x000001e51747fb50 code [0x000001e51747fca0, 0x000001e51747fd28]
Event: 3.313 Thread 0x000001e53040e000 1197       4       sun.security.provider.SHA2::implDigest (98 bytes)

GC Heap History (2 events):
Event: 1.728 GC heap before
{Heap before GC invocations=1 (full 0):
 PSYoungGen      total 75264K, used 64509K [0x000000076c500000, 0x0000000771900000, 0x00000007c0000000)
  eden space 64512K, 99% used [0x000000076c500000,0x00000007703ff690,0x0000000770400000)
  from space 10752K, 0% used [0x0000000770e80000,0x0000000770e80000,0x0000000771900000)
  to   space 10752K, 0% used [0x0000000770400000,0x0000000770400000,0x0000000770e80000)
 ParOldGen       total 172032K, used 0K [0x00000006c4e00000, 0x00000006cf600000, 0x000000076c500000)
  object space 172032K, 0% used [0x00000006c4e00000,0x00000006c4e00000,0x00000006cf600000)
 Metaspace       used 7235K, capacity 7440K, committed 7552K, reserved 1056768K
  class space    used 777K, capacity 844K, committed 896K, reserved 1048576K
Event: 1.732 GC heap after
Heap after GC invocations=1 (full 0):
 PSYoungGen      total 75264K, used 2973K [0x000000076c500000, 0x0000000771900000, 0x00000007c0000000)
  eden space 64512K, 0% used [0x000000076c500000,0x000000076c500000,0x0000000770400000)
  from space 10752K, 27% used [0x0000000770400000,0x00000007706e7630,0x0000000770e80000)
  to   space 10752K, 0% used [0x0000000770e80000,0x0000000770e80000,0x0000000771900000)
 ParOldGen       total 172032K, used 24K [0x00000006c4e00000, 0x00000006cf600000, 0x000000076c500000)
  object space 172032K, 0% used [0x00000006c4e00000,0x00000006c4e06000,0x00000006cf600000)
 Metaspace       used 7235K, capacity 7440K, committed 7552K, reserved 1056768K
  class space    used 777K, capacity 844K, committed 896K, reserved 1048576K
}

Deoptimization events (10 events):
Event: 2.540 Thread 0x000001e51480a000 Uncommon trap: reason=unstable_if action=reinterpret pc=0x000001e517213054 method=java.math.BigInteger.addOne([IIII)I @ 55
Event: 2.569 Thread 0x000001e51480a000 Uncommon trap: reason=class_check action=maybe_recompile pc=0x000001e5174191f4 method=java.io.OutputStream.write([B)V @ 5
Event: 2.569 Thread 0x000001e51480a000 Uncommon trap: reason=class_check action=maybe_recompile pc=0x000001e5174191f4 method=java.io.OutputStream.write([B)V @ 5
Event: 2.585 Thread 0x000001e51480a000 Uncommon trap: reason=unstable_if action=reinterpret pc=0x000001e5173e41d4 method=java.util.HashMap.getNode(ILjava/lang/Object;)Ljava/util/HashMap$Node; @ 62
Event: 2.592 Thread 0x000001e51480a000 Uncommon trap: reason=unstable_if action=reinterpret pc=0x000001e51744bdd0 method=java.util.HashMap.getNode(ILjava/lang/Object;)Ljava/util/HashMap$Node; @ 129
Event: 2.592 Thread 0x000001e51480a000 Uncommon trap: reason=class_check action=maybe_recompile pc=0x000001e5173e23ac method=java.util.HashMap.putVal(ILjava/lang/Object;Ljava/lang/Object;ZZ)Ljava/lang/Object; @ 203
Event: 3.165 Thread 0x000001e51480a000 Uncommon trap: reason=class_check action=maybe_recompile pc=0x000001e51747e254 method=sun.security.provider.DigestBase.engineReset()V @ 11
Event: 3.165 Thread 0x000001e51480a000 Uncommon trap: reason=class_check action=maybe_recompile pc=0x000001e51747e254 method=sun.security.provider.DigestBase.engineReset()V @ 11
Event: 3.165 Thread 0x000001e51480a000 Uncommon trap: reason=class_check action=maybe_recompile pc=0x000001e51747e254 method=sun.security.provider.DigestBase.engineReset()V @ 11
Event: 3.165 Thread 0x000001e51480a000 Uncommon trap: reason=class_check action=maybe_recompile pc=0x000001e51747e254 method=sun.security.provider.DigestBase.engineReset()V @ 11

Classes redefined (0 events):
No events

Internal exceptions (7 events):
Event: 0.066 Thread 0x000001e51480a000 Exception <a 'java/lang/NoSuchMethodError': Method sun.misc.Unsafe.defineClass(Ljava/lang/String;[BII)Ljava/lang/Class; name or signature does not match> (0x000000076c507cc0) thrown at [J:\jenkins\tmp\workspace\build\src\hotspot\src\share\vm\prims\jni.cpp
Event: 0.066 Thread 0x000001e51480a000 Exception <a 'java/lang/NoSuchMethodError': Method sun.misc.Unsafe.prefetchRead(Ljava/lang/Object;J)V name or signature does not match> (0x000000076c507fa8) thrown at [J:\jenkins\tmp\workspace\build\src\hotspot\src\share\vm\prims\jni.cpp, line 4014]
Event: 0.484 Thread 0x000001e51480a000 Exception <a 'java/lang/NoSuchFieldError': method resolution failed> (0x000000076cb708b0) thrown at [J:\jenkins\tmp\workspace\build\src\hotspot\src\share\vm\prims\methodHandles.cpp, line 1176]
Event: 0.487 Thread 0x000001e51480a000 Exception <a 'java/lang/NoSuchFieldError': method resolution failed> (0x000000076cb7dc50) thrown at [J:\jenkins\tmp\workspace\build\src\hotspot\src\share\vm\prims\methodHandles.cpp, line 1176]
Event: 0.524 Thread 0x000001e51480a000 Exception <a 'java/security/PrivilegedActionException'> (0x000000076cc104a8) thrown at [J:\jenkins\tmp\workspace\build\src\hotspot\src\share\vm\prims\jvm.cpp, line 1523]
Event: 0.524 Thread 0x000001e51480a000 Exception <a 'java/security/PrivilegedActionException'> (0x000000076cc108a0) thrown at [J:\jenkins\tmp\workspace\build\src\hotspot\src\share\vm\prims\jvm.cpp, line 1523]
Event: 1.610 Thread 0x000001e51480a000 Exception <a 'java/lang/NoSuchMethodError': java.lang.Object.lambda$static$0(Lcom/android/apksig/util/RunnablesProvider;)V> (0x000000076dc75a48) thrown at [J:\jenkins\tmp\workspace\build\src\hotspot\src\share\vm\interpreter\linkResolver.cpp, line 620]

Events (10 events):
Event: 3.165 Thread 0x000001e51480a000 DEOPT UNPACKING pc=0x000001e5170d5583 sp=0x00000060c98feae0 mode 2
Event: 3.165 Thread 0x000001e51480a000 Uncommon trap: trap_request=0xffffffde fr.pc=0x000001e51747e254
Event: 3.165 Thread 0x000001e51480a000 DEOPT PACKING pc=0x000001e51747e254 sp=0x00000060c98feb10
Event: 3.165 Thread 0x000001e51480a000 DEOPT UNPACKING pc=0x000001e5170d5583 sp=0x00000060c98feae0 mode 2
Event: 3.165 Thread 0x000001e51480a000 Uncommon trap: trap_request=0xffffffde fr.pc=0x000001e51747e254
Event: 3.165 Thread 0x000001e51480a000 DEOPT PACKING pc=0x000001e51747e254 sp=0x00000060c98feb10
Event: 3.165 Thread 0x000001e51480a000 DEOPT UNPACKING pc=0x000001e5170d5583 sp=0x00000060c98feae0 mode 2
Event: 3.165 Thread 0x000001e51480a000 Uncommon trap: trap_request=0xffffffde fr.pc=0x000001e51747e254
Event: 3.165 Thread 0x000001e51480a000 DEOPT PACKING pc=0x000001e51747e254 sp=0x00000060c98feb10
Event: 3.165 Thread 0x000001e51480a000 DEOPT UNPACKING pc=0x000001e5170d5583 sp=0x00000060c98feae0 mode 2


Dynamic libraries:
0x00007ff728950000 - 0x00007ff72898a000 	C:\Program Files\Eclipse Foundation\jdk-8.0.302.8-hotspot\bin\java.exe
0x00007ffeb3750000 - 0x00007ffeb3948000 	C:\windows\SYSTEM32\ntdll.dll
0x00007ffeb28a0000 - 0x00007ffeb295f000 	C:\windows\System32\KERNEL32.DLL
0x00007ffeb1120000 - 0x00007ffeb13f2000 	C:\windows\System32\KERNELBASE.dll
0x00007ffeb2c30000 - 0x00007ffeb2cde000 	C:\windows\System32\ADVAPI32.dll
0x00007ffeb2000000 - 0x00007ffeb209e000 	C:\windows\System32\msvcrt.dll
0x00007ffeb1790000 - 0x00007ffeb182c000 	C:\windows\System32\sechost.dll
0x00007ffeb2ce0000 - 0x00007ffeb2e05000 	C:\windows\System32\RPCRT4.dll
0x00007ffeb2600000 - 0x00007ffeb27a1000 	C:\windows\System32\USER32.dll
0x00007ffeb10f0000 - 0x00007ffeb1112000 	C:\windows\System32\win32u.dll
0x00007ffeb2960000 - 0x00007ffeb298b000 	C:\windows\System32\GDI32.dll
0x00007ffeb1400000 - 0x00007ffeb150f000 	C:\windows\System32\gdi32full.dll
0x00007ffeb0ef0000 - 0x00007ffeb0f8d000 	C:\windows\System32\msvcp_win.dll
0x00007ffeb1640000 - 0x00007ffeb1740000 	C:\windows\System32\ucrtbase.dll
0x00007ffe918d0000 - 0x00007ffe91b6a000 	C:\windows\WinSxS\amd64_microsoft.windows.common-controls_6595b64144ccf1df_6.0.19041.1110_none_60b5254171f9507e\COMCTL32.dll
0x00007ffeb2f70000 - 0x00007ffeb2fa2000 	C:\windows\System32\IMM32.DLL
0x00007ffe9a590000 - 0x00007ffe9a6fb000 	C:\windows\system32\tmumh\20019\AddOn\8.55.0.1129\TmUmEvt64.dll
0x00007ffeb2400000 - 0x00007ffeb2408000 	C:\windows\System32\PSAPI.DLL
0x0000000074220000 - 0x0000000074393000 	C:\windows\system32\tmumh\20019\TmMon\2.9.0.1048\tmmon64.dll
0x00007ffe6b620000 - 0x00007ffe6b94e000 	C:\windows\System32\TmLWE\TmUmSnsr64\1.0.0.1109\TmUmSnsr64.dll
0x00007ffeaf630000 - 0x00007ffeaf642000 	C:\windows\SYSTEM32\kernel.appcore.dll
0x00007ffe53f10000 - 0x00007ffe53fff000 	C:\Program Files\Eclipse Foundation\jdk-8.0.302.8-hotspot\jre\bin\msvcr120.dll
0x00007ffe53dc0000 - 0x00007ffe53e66000 	C:\Program Files\Eclipse Foundation\jdk-8.0.302.8-hotspot\jre\bin\msvcp120.dll
0x000000006e4c0000 - 0x000000006ed2b000 	C:\Program Files\Eclipse Foundation\jdk-8.0.302.8-hotspot\jre\bin\server\jvm.dll
0x00007ffe76d60000 - 0x00007ffe76d69000 	C:\windows\SYSTEM32\WSOCK32.dll
0x00007ffeb2af0000 - 0x00007ffeb2b5b000 	C:\windows\System32\WS2_32.dll
0x00007ffe8dcd0000 - 0x00007ffe8dcf7000 	C:\windows\SYSTEM32\WINMM.dll
0x00007ffea4e30000 - 0x00007ffea4e3a000 	C:\windows\SYSTEM32\VERSION.dll
0x00007ffea7970000 - 0x00007ffea797f000 	C:\Program Files\Eclipse Foundation\jdk-8.0.302.8-hotspot\jre\bin\verify.dll
0x00007ffea4e40000 - 0x00007ffea4e69000 	C:\Program Files\Eclipse Foundation\jdk-8.0.302.8-hotspot\jre\bin\java.dll
0x00007ffea57d0000 - 0x00007ffea57e6000 	C:\Program Files\Eclipse Foundation\jdk-8.0.302.8-hotspot\jre\bin\zip.dll
0x00007ffeb2fc0000 - 0x00007ffeb3704000 	C:\windows\System32\SHELL32.dll
0x00007ffeaeac0000 - 0x00007ffeaf252000 	C:\windows\SYSTEM32\windows.storage.dll
0x00007ffeb20a0000 - 0x00007ffeb23f5000 	C:\windows\System32\combase.dll
0x00007ffeb07c0000 - 0x00007ffeb07f0000 	C:\windows\SYSTEM32\Wldp.dll
0x00007ffeb2990000 - 0x00007ffeb2a3d000 	C:\windows\System32\SHCORE.dll
0x00007ffeb2840000 - 0x00007ffeb2895000 	C:\windows\System32\shlwapi.dll
0x00007ffeb0d80000 - 0x00007ffeb0d9f000 	C:\windows\SYSTEM32\profapi.dll
0x00007ffe53740000 - 0x00007ffe53763000 	C:\Program Files\Eclipse Foundation\jdk-8.0.302.8-hotspot\jre\bin\sunec.dll
0x00007ffeb0800000 - 0x00007ffeb0818000 	C:\windows\SYSTEM32\CRYPTSP.dll
0x00007ffeafd60000 - 0x00007ffeafd94000 	C:\windows\system32\rsaenh.dll
0x00007ffeb1610000 - 0x00007ffeb1637000 	C:\windows\System32\bcrypt.dll
0x00007ffeb0d00000 - 0x00007ffeb0d2e000 	C:\windows\SYSTEM32\USERENV.dll
0x00007ffeb1510000 - 0x00007ffeb1592000 	C:\windows\System32\bcryptprimitives.dll
0x00007ffeb0730000 - 0x00007ffeb073c000 	C:\windows\SYSTEM32\CRYPTBASE.dll
0x00007ffea5780000 - 0x00007ffea579a000 	C:\Program Files\Eclipse Foundation\jdk-8.0.302.8-hotspot\jre\bin\net.dll
0x00007ffeb05a0000 - 0x00007ffeb060a000 	C:\windows\system32\mswsock.dll
0x00007ffeb0260000 - 0x00007ffeb029b000 	C:\windows\SYSTEM32\IPHLPAPI.DLL
0x00007ffeb2fb0000 - 0x00007ffeb2fb8000 	C:\windows\System32\NSI.dll
0x00007ffea8840000 - 0x00007ffea8857000 	C:\windows\SYSTEM32\dhcpcsvc6.DLL
0x00007ffea8820000 - 0x00007ffea883d000 	C:\windows\SYSTEM32\dhcpcsvc.DLL
0x00007ffeb02a0000 - 0x00007ffeb036a000 	C:\windows\SYSTEM32\DNSAPI.dll
0x00007ffe9c240000 - 0x00007ffe9c252000 	C:\Program Files\Eclipse Foundation\jdk-8.0.302.8-hotspot\jre\bin\nio.dll

VM Arguments:
java_command: C:\Program Files (x86)\Microsoft Visual Studio\2019\Professional\MSBuild\Xamarin\Android\apksigner.jar sign --ks C:\Users\ecervellat\AppData\Local\Xamarin\Mono for Android\debug.keystore --ks-pass pass:android --ks-key-alias androiddebugkey --key-pass pass:android --min-sdk-version 21 --max-sdk-version 30 C:\Users\ecervellat\source\repos\AzureNotificationApp\AzureNotificationApp.Android\bin\Debug\com.fabrikam.azurenotificationapp-Signed.apk
java_class_path (initial): C:\Program Files (x86)\Microsoft Visual Studio\2019\Professional\MSBuild\Xamarin\Android\apksigner.jar
Launcher Type: SUN_STANDARD

Environment Variables:
PATH=C:\Program Files\Eclipse Foundation\jdk-8.0.302.8-hotspot\bin;C:\windows\system32;C:\windows;C:\windows\System32\Wbem;C:\windows\System32\WindowsPowerShell\v1.0\;C:\windows\System32\OpenSSH\;C:\Program Files\PuTTY\;C:\Program Files\Microsoft SQL Server\Client SDK\ODBC\170\Tools\Binn\;C:\Program Files\Microsoft SQL Server\150\Tools\Binn\;C:\Program Files\nodejs\;C:\Program Files (x86)\Microsoft SQL Server\150\Tools\Binn\;C:\Program Files\Microsoft SQL Server\150\DTS\Binn\;C:\Program Files\Git\cmd;C:\Program Files (x86)\Microsoft SQL Server\150\DTS\Binn\;C:\Program Files\Microsoft SQL Server\130\Tools\Binn\;C:\Program Files (x86)\Microsoft SQL Server\110\DTS\Binn\;C:\Program Files (x86)\Microsoft SQL Server\120\DTS\Binn\;C:\Program Files (x86)\Microsoft SQL Server\130\DTS\Binn\;C:\Program Files (x86)\Microsoft SQL Server\140\DTS\Binn\;C:\Program Files (x86)\Microsoft SQL Server\160\DTS\Binn\;C:\Program Files\Azure Data Studio\bin;C:\Program Files\dotnet\;C:\Program Files\WinMerge;C:\Users\ecervellat\AppData\Local\Microsoft\PowerAppsCLI\;C:\Users\ecervellat\AppData\Local\Microsoft\WindowsApps;C:\Users\ecervellat\AppData\Local\Programs\Microsoft VS Code\bin;C:\Users\ecervellat\AppData\Roaming\npm;C:\Program Files\Azure Data Studio\bin;C:\Users\ecervellat\.dotnet\tools
USERNAME=ecervellat
OS=Windows_NT
PROCESSOR_IDENTIFIER=Intel64 Family 6 Model 140 Stepping 1, GenuineIntel



---------------  S Y S T E M  ---------------

OS: Windows 10.0 , 64 bit Build 19041 (10.0.19041.2364)

CPU:total 8 (initial active 8) (4 cores per cpu, 2 threads per core) family 6 model 140 stepping 1, cmov, cx8, fxsr, mmx, sse, sse2, sse3, ssse3, sse4.1, sse4.2, popcnt, avx, avx2, aes, clmul, erms, 3dnowpref, lzcnt, ht, tsc, tscinvbit, bmi1, bmi2, adx

Memory: 4k page, physical 16449756k(2679160k free), swap 16449756k(6008k free)

vm_info: OpenJDK 64-Bit Server VM (25.302-b08) for windows-amd64 JRE (1.8.0_302-b08), built on Jul 20 2021 21:31:03 by "jenkins" with MS VC++ 12.0 (VS2013)

time: Thu Jan 12 11:31:35 2023
timezone: ora solare Europa occidentale
elapsed time: 3.349238 seconds (0d 0h 0m 3s)

